<?xml version="1.0" encoding="UTF-8"?>
<testsuite xmlns:xsi="http://www.w3.org/2001/XMLSchema-instance" xsi:noNamespaceSchemaLocation="https://maven.apache.org/surefire/maven-surefire-plugin/xsd/surefire-test-report.xsd" name="it.pkg.AppTest" time="0.075" tests="1" errors="0" skipped="0" failures="0">
  <properties>
    <property name="sun.desktop" value="windows"/>
    <property name="awt.toolkit" value="sun.awt.windows.WToolkit"/>
    <property name="java.specification.version" value="11"/>
    <property name="sun.cpu.isalist" value="amd64"/>
    <property name="sun.jnu.encoding" value="Cp1252"/>
    <property name="java.class.path" value="D:\Lab\structurebasic\target\test-classes\projects\it-basic\project\basic-project\target\test-classes;D:\Lab\structurebasic\target\test-classes\projects\it-basic\project\basic-project\target\classes;C:\Users\maldi\.m2\repository\junit\junit\4.11\junit-4.11.jar;C:\Users\maldi\.m2\repository\org\hamcrest\hamcrest-core\1.3\hamcrest-core-1.3.jar;"/>
    <property name="java.vm.vendor" value="Oracle Corporation"/>
    <property name="sun.arch.data.model" value="64"/>
    <property name="user.variant" value=""/>
    <property name="java.vendor.url" value="https://openjdk.java.net/"/>
    <property name="user.timezone" value="America/Bogota"/>
    <property name="java.vm.specification.version" value="11"/>
    <property name="os.name" value="Windows 10"/>
    <property name="sun.java.launcher" value="SUN_STANDARD"/>
    <property name="user.country" value="PE"/>
    <property name="sun.boot.library.path" value="C:\Program Files\OpenJDK\openjdk-11.0.9_11\bin"/>
    <property name="sun.java.command" value="C:\Users\maldi\AppData\Local\Temp\surefire14584075621086580555\surefirebooter9583962902568143459.jar C:\Users\maldi\AppData\Local\Temp\surefire14584075621086580555 2021-02-24T00-31-38_257-jvmRun1 surefire624808142685507124tmp surefire_010420922307235458370tmp"/>
    <property name="jdk.debug" value="release"/>
    <property name="surefire.test.class.path" value="D:\Lab\structurebasic\target\test-classes\projects\it-basic\project\basic-project\target\test-classes;D:\Lab\structurebasic\target\test-classes\projects\it-basic\project\basic-project\target\classes;C:\Users\maldi\.m2\repository\junit\junit\4.11\junit-4.11.jar;C:\Users\maldi\.m2\repository\org\hamcrest\hamcrest-core\1.3\hamcrest-core-1.3.jar;"/>
    <property name="sun.cpu.endian" value="little"/>
    <property name="user.home" value="C:\Users\maldi"/>
    <property name="user.language" value="es"/>
    <property name="java.specification.vendor" value="Oracle Corporation"/>
    <property name="java.version.date" value="2020-10-20"/>
    <property name="java.home" value="C:\Program Files\OpenJDK\openjdk-11.0.9_11"/>
    <property name="file.separator" value="\"/>
    <property name="basedir" value="D:\Lab\structurebasic\target\test-classes\projects\it-basic\project\basic-project"/>
    <property name="java.vm.compressedOopsMode" value="Zero based"/>
    <property name="line.separator" value="&#10;"/>
    <property name="java.specification.name" value="Java Platform API Specification"/>
    <property name="java.vm.specification.vendor" value="Oracle Corporation"/>
    <property name="java.awt.graphicsenv" value="sun.awt.Win32GraphicsEnvironment"/>
    <property name="surefire.real.class.path" value="C:\Users\maldi\AppData\Local\Temp\surefire14584075621086580555\surefirebooter9583962902568143459.jar"/>
    <property name="user.script" value=""/>
    <property name="sun.management.compiler" value="HotSpot 64-Bit Tiered Compilers"/>
    <property name="java.runtime.version" value="11.0.9+11"/>
    <property name="user.name" value="maldi"/>
    <property name="path.separator" value=";"/>
    <property name="os.version" value="10.0"/>
    <property name="java.runtime.name" value="OpenJDK Runtime Environment"/>
    <property name="file.encoding" value="Cp1252"/>
    <property name="java.vm.name" value="OpenJDK 64-Bit Server VM"/>
    <property name="java.vendor.version" value="18.9"/>
    <property name="localRepository" value="C:\Users\maldi\.m2\repository"/>
    <property name="java.vendor.url.bug" value="https://bugreport.java.com/bugreport/"/>
    <property name="java.io.tmpdir" value="C:\Users\maldi\AppData\Local\Temp\"/>
    <property name="java.version" value="11.0.9"/>
    <property name="user.dir" value="D:\Lab\structurebasic\target\test-classes\projects\it-basic\project\basic-project"/>
    <property name="os.arch" value="amd64"/>
    <property name="java.vm.specification.name" value="Java Virtual Machine Specification"/>
    <property name="java.awt.printerjob" value="sun.awt.windows.WPrinterJob"/>
    <property name="sun.os.patch.level" value=""/>
    <property name="java.library.path" value="C:\Program Files\OpenJDK\openjdk-11.0.9_11\bin;C:\WINDOWS\Sun\Java\bin;C:\WINDOWS\system32;C:\WINDOWS;C:\Program Files (x86)\Microsoft SDKs\Azure\CLI2\wbin;C:\WINDOWS\system32;C:\WINDOWS;C:\WINDOWS\System32\Wbem;C:\WINDOWS\System32\WindowsPowerShell\v1.0\;C:\WINDOWS\System32\OpenSSH\;C:\Program Files\Git\cmd;C:\Program Files\nodejs\;C:\ProgramData\chocolatey\bin;C:\Program Files\OpenJDK\openjdk-11.0.9_11\bin;C:\Program Files\OpenJDK\openjdk-11.0.9_11\bin;C:\Program Files\PuTTY\;C:\Program Files (x86)\Yarn\bin\;C:\Program Files\Docker\Docker\resources\bin;C:\ProgramData\DockerDesktop\version-bin;C:\Program Files\Microsoft\Azure Functions Core Tools\;C:\ProgramData\chocolatey\lib\maven\apache-maven-3.6.3\bin;C:\Program Files\dotnet\;C:\istio-1.9.0\bin;C:\Users\maldi\miniconda3;C:\Users\maldi\miniconda3\Library\mingw-w64\bin;C:\Users\maldi\miniconda3\Library\usr\bin;C:\Users\maldi\miniconda3\Library\bin;C:\Users\maldi\miniconda3\Scripts;C:\Users\maldi\AppData\Local\Microsoft\WindowsApps;C:\Users\maldi\AppData\Local\GitHubDesktop\bin;C:\Users\maldi\AppData\Roaming\npm;C:\Users\maldi\AppData\Local\Yarn\bin;C:\Users\maldi\AppData\Local\Programs\Microsoft VS Code\bin;C:\src\flutter\bin;C:\Users\maldi\.dotnet\tools;."/>
    <property name="java.vm.info" value="mixed mode"/>
    <property name="java.vendor" value="Oracle Corporation"/>
    <property name="java.vm.version" value="11.0.9+11"/>
    <property name="sun.io.unicode.encoding" value="UnicodeLittle"/>
    <property name="maven.repo.local" value="C:\Users\maldi\.m2\repository"/>
    <property name="java.class.version" value="55.0"/>
  </properties>
  <testcase name="shouldAnswerWithTrue" classname="it.pkg.AppTest" time="0.005"/>
</testsuite>